<?xml version="1.0" encoding="UTF-8"?>
<!-- Generated by org.testng.reporters.JUnitReportReporter -->
<testsuite skipped="0" hostname="Chaitu" name="Academy.LoginTest" tests="1" failures="0" timestamp="2020-01-22T10:03:20 IST" time="23.555" errors="0">
  <testcase name="emptyUnamePassword" time="23.555" classname="Academy.LoginTest"/>
</testsuite> <!-- Academy.LoginTest -->
