<?xml version="1.0" encoding="UTF-8"?>
<!-- Generated by org.testng.reporters.JUnitReportReporter -->
<testsuite skipped="0" hostname="Chaitu" name="Academy.ProvisioningTest" tests="2" failures="0" timestamp="2020-01-18T16:58:03 IST" time="26.678" errors="0">
  <testcase name="login" time="7.033" classname="Academy.ProvisioningTest"/>
  <testcase name="provisioningFormCreation" time="19.645" classname="Academy.ProvisioningTest"/>
</testsuite> <!-- Academy.ProvisioningTest -->
